C:\USERS\FRANCESCO\DESKTOP\PROVE D' ESAME T-1\20140220\20140220\DEBUG\20140220.EXE.EMBED.MANIFEST
C:\USERS\FRANCESCO\DESKTOP\PROVE D' ESAME T-1\20140220\20140220\DEBUG\20140220.EXE.EMBED.MANIFEST.RES
C:\USERS\FRANCESCO\DESKTOP\PROVE D' ESAME T-1\20140220\20140220\DEBUG\20140220.EXE.INTERMEDIATE.MANIFEST
C:\Users\Francesco\Desktop\Prove d' Esame T-1\20140220\20140220\Debug\20140220.write.1.tlog
C:\Users\Francesco\Desktop\Prove d' Esame T-1\20140220\20140220\Debug\20140220_manifest.rc
C:\USERS\FRANCESCO\DESKTOP\PROVE D' ESAME T-1\20140220\20140220\DEBUG\BENI.OBJ
C:\Users\Francesco\Desktop\Prove d' Esame T-1\20140220\20140220\Debug\cl.command.1.tlog
C:\Users\Francesco\Desktop\Prove d' Esame T-1\20140220\20140220\Debug\CL.read.1.tlog
C:\Users\Francesco\Desktop\Prove d' Esame T-1\20140220\20140220\Debug\CL.write.1.tlog
C:\USERS\FRANCESCO\DESKTOP\PROVE D' ESAME T-1\20140220\20140220\DEBUG\ELEMENT.OBJ
C:\Users\Francesco\Desktop\Prove d' Esame T-1\20140220\20140220\Debug\link.3116.read.1.tlog
C:\Users\Francesco\Desktop\Prove d' Esame T-1\20140220\20140220\Debug\link.3116.write.1.tlog
C:\Users\Francesco\Desktop\Prove d' Esame T-1\20140220\20140220\Debug\link.3116-cvtres.read.1.tlog
C:\Users\Francesco\Desktop\Prove d' Esame T-1\20140220\20140220\Debug\link.3116-cvtres.write.1.tlog
C:\Users\Francesco\Desktop\Prove d' Esame T-1\20140220\20140220\Debug\link.4208.read.1.tlog
C:\Users\Francesco\Desktop\Prove d' Esame T-1\20140220\20140220\Debug\link.4208.write.1.tlog
C:\Users\Francesco\Desktop\Prove d' Esame T-1\20140220\20140220\Debug\link.4208-cvtres.read.1.tlog
C:\Users\Francesco\Desktop\Prove d' Esame T-1\20140220\20140220\Debug\link.4208-cvtres.write.1.tlog
C:\Users\Francesco\Desktop\Prove d' Esame T-1\20140220\20140220\Debug\link.4952.read.1.tlog
C:\Users\Francesco\Desktop\Prove d' Esame T-1\20140220\20140220\Debug\link.4952.write.1.tlog
C:\Users\Francesco\Desktop\Prove d' Esame T-1\20140220\20140220\Debug\link.4952-cvtres.read.1.tlog
C:\Users\Francesco\Desktop\Prove d' Esame T-1\20140220\20140220\Debug\link.4952-cvtres.write.1.tlog
C:\Users\Francesco\Desktop\Prove d' Esame T-1\20140220\20140220\Debug\link.command.1.tlog
C:\Users\Francesco\Desktop\Prove d' Esame T-1\20140220\20140220\Debug\link.read.1.tlog
C:\Users\Francesco\Desktop\Prove d' Esame T-1\20140220\20140220\Debug\link.write.1.tlog
C:\Users\Francesco\Desktop\Prove d' Esame T-1\20140220\20140220\Debug\link-cvtres.read.1.tlog
C:\Users\Francesco\Desktop\Prove d' Esame T-1\20140220\20140220\Debug\link-cvtres.write.1.tlog
C:\USERS\FRANCESCO\DESKTOP\PROVE D' ESAME T-1\20140220\20140220\DEBUG\LIST.OBJ
C:\USERS\FRANCESCO\DESKTOP\PROVE D' ESAME T-1\20140220\20140220\DEBUG\MAIN.OBJ
C:\Users\Francesco\Desktop\Prove d' Esame T-1\20140220\20140220\Debug\mt.command.1.tlog
C:\Users\Francesco\Desktop\Prove d' Esame T-1\20140220\20140220\Debug\mt.read.1.tlog
C:\Users\Francesco\Desktop\Prove d' Esame T-1\20140220\20140220\Debug\mt.write.1.tlog
C:\Users\Francesco\Desktop\Prove d' Esame T-1\20140220\20140220\Debug\rc.command.1.tlog
C:\Users\Francesco\Desktop\Prove d' Esame T-1\20140220\20140220\Debug\rc.read.1.tlog
C:\Users\Francesco\Desktop\Prove d' Esame T-1\20140220\20140220\Debug\rc.write.1.tlog
C:\USERS\FRANCESCO\DESKTOP\PROVE D' ESAME T-1\20140220\20140220\DEBUG\UTILITY.OBJ
C:\Users\Francesco\Desktop\Prove d' Esame T-1\20140220\20140220\Debug\vc100.idb
C:\USERS\FRANCESCO\DESKTOP\PROVE D' ESAME T-1\20140220\20140220\DEBUG\VC100.PDB
C:\USERS\FRANCESCO\DESKTOP\PROVE D' ESAME T-1\20140220\DEBUG\20140220.EXE
C:\USERS\FRANCESCO\DESKTOP\PROVE D' ESAME T-1\20140220\DEBUG\20140220.ILK
C:\USERS\FRANCESCO\DESKTOP\PROVE D' ESAME T-1\20140220\DEBUG\20140220.PDB
