C:\USERS\FRANCESCO\DOCUMENTS\VISUAL STUDIO 2010\PROJECTS\20140612\20140612\DEBUG\20140612.EXE.EMBED.MANIFEST
C:\USERS\FRANCESCO\DOCUMENTS\VISUAL STUDIO 2010\PROJECTS\20140612\20140612\DEBUG\20140612.EXE.EMBED.MANIFEST.RES
C:\USERS\FRANCESCO\DOCUMENTS\VISUAL STUDIO 2010\PROJECTS\20140612\20140612\DEBUG\20140612.EXE.INTERMEDIATE.MANIFEST
C:\Users\Francesco\Documents\Visual Studio 2010\Projects\20140612\20140612\Debug\20140612.vcxprojResolveAssemblyReference.cache
C:\Users\Francesco\Documents\Visual Studio 2010\Projects\20140612\20140612\Debug\20140612.write.1.tlog
C:\Users\Francesco\Documents\Visual Studio 2010\Projects\20140612\20140612\Debug\20140612_manifest.rc
C:\Users\Francesco\Documents\Visual Studio 2010\Projects\20140612\20140612\Debug\cl.command.1.tlog
C:\Users\Francesco\Documents\Visual Studio 2010\Projects\20140612\20140612\Debug\CL.read.1.tlog
C:\Users\Francesco\Documents\Visual Studio 2010\Projects\20140612\20140612\Debug\CL.write.1.tlog
C:\USERS\FRANCESCO\DOCUMENTS\VISUAL STUDIO 2010\PROJECTS\20140612\20140612\DEBUG\ELEMENT.OBJ
C:\Users\Francesco\Documents\Visual Studio 2010\Projects\20140612\20140612\Debug\link.1536.read.1.tlog
C:\Users\Francesco\Documents\Visual Studio 2010\Projects\20140612\20140612\Debug\link.1536.write.1.tlog
C:\Users\Francesco\Documents\Visual Studio 2010\Projects\20140612\20140612\Debug\link.1536-cvtres.read.1.tlog
C:\Users\Francesco\Documents\Visual Studio 2010\Projects\20140612\20140612\Debug\link.1536-cvtres.write.1.tlog
C:\Users\Francesco\Documents\Visual Studio 2010\Projects\20140612\20140612\Debug\link.5972.read.1.tlog
C:\Users\Francesco\Documents\Visual Studio 2010\Projects\20140612\20140612\Debug\link.5972.write.1.tlog
C:\Users\Francesco\Documents\Visual Studio 2010\Projects\20140612\20140612\Debug\link.5972-cvtres.read.1.tlog
C:\Users\Francesco\Documents\Visual Studio 2010\Projects\20140612\20140612\Debug\link.5972-cvtres.write.1.tlog
C:\Users\Francesco\Documents\Visual Studio 2010\Projects\20140612\20140612\Debug\link.command.1.tlog
C:\Users\Francesco\Documents\Visual Studio 2010\Projects\20140612\20140612\Debug\link.read.1.tlog
C:\Users\Francesco\Documents\Visual Studio 2010\Projects\20140612\20140612\Debug\link.write.1.tlog
C:\Users\Francesco\Documents\Visual Studio 2010\Projects\20140612\20140612\Debug\link-cvtres.read.1.tlog
C:\Users\Francesco\Documents\Visual Studio 2010\Projects\20140612\20140612\Debug\link-cvtres.write.1.tlog
C:\USERS\FRANCESCO\DOCUMENTS\VISUAL STUDIO 2010\PROJECTS\20140612\20140612\DEBUG\LIST.OBJ
C:\USERS\FRANCESCO\DOCUMENTS\VISUAL STUDIO 2010\PROJECTS\20140612\20140612\DEBUG\MAIN.OBJ
C:\Users\Francesco\Documents\Visual Studio 2010\Projects\20140612\20140612\Debug\mt.command.1.tlog
C:\Users\Francesco\Documents\Visual Studio 2010\Projects\20140612\20140612\Debug\mt.read.1.tlog
C:\Users\Francesco\Documents\Visual Studio 2010\Projects\20140612\20140612\Debug\mt.write.1.tlog
C:\Users\Francesco\Documents\Visual Studio 2010\Projects\20140612\20140612\Debug\rc.command.1.tlog
C:\Users\Francesco\Documents\Visual Studio 2010\Projects\20140612\20140612\Debug\rc.read.1.tlog
C:\Users\Francesco\Documents\Visual Studio 2010\Projects\20140612\20140612\Debug\rc.write.1.tlog
C:\USERS\FRANCESCO\DOCUMENTS\VISUAL STUDIO 2010\PROJECTS\20140612\20140612\DEBUG\TRASLOCHI.OBJ
C:\Users\Francesco\Documents\Visual Studio 2010\Projects\20140612\20140612\Debug\vc100.idb
C:\USERS\FRANCESCO\DOCUMENTS\VISUAL STUDIO 2010\PROJECTS\20140612\20140612\DEBUG\VC100.PDB
C:\USERS\FRANCESCO\DOCUMENTS\VISUAL STUDIO 2010\PROJECTS\20140612\DEBUG\20140612.EXE
C:\USERS\FRANCESCO\DOCUMENTS\VISUAL STUDIO 2010\PROJECTS\20140612\DEBUG\20140612.ILK
C:\USERS\FRANCESCO\DOCUMENTS\VISUAL STUDIO 2010\PROJECTS\20140612\DEBUG\20140612.PDB
