C:\USERS\FRANCESCO\DESKTOP\PROVE D' ESAME T-1\20110713\DEBUG\20110713.EXE
C:\USERS\FRANCESCO\DESKTOP\PROVE D' ESAME T-1\20110713\DEBUG\20110713.ILK
C:\USERS\FRANCESCO\DESKTOP\PROVE D' ESAME T-1\20110713\DEBUG\20110713.PDB
C:\USERS\FRANCESCO\DESKTOP\PROVE D' ESAME T-1\20110713\LIBRERIA ESAME C\DEBUG\20110713.EXE.EMBED.MANIFEST
C:\USERS\FRANCESCO\DESKTOP\PROVE D' ESAME T-1\20110713\LIBRERIA ESAME C\DEBUG\20110713.EXE.EMBED.MANIFEST.RES
C:\USERS\FRANCESCO\DESKTOP\PROVE D' ESAME T-1\20110713\LIBRERIA ESAME C\DEBUG\20110713.EXE.INTERMEDIATE.MANIFEST
C:\Users\Francesco\Desktop\Prove d' Esame T-1\20110713\Libreria Esame C\Debug\20110713.write.1.tlog
C:\Users\Francesco\Desktop\Prove d' Esame T-1\20110713\Libreria Esame C\Debug\20110713_manifest.rc
C:\USERS\FRANCESCO\DESKTOP\PROVE D' ESAME T-1\20110713\LIBRERIA ESAME C\DEBUG\AZIONI.OBJ
C:\Users\Francesco\Desktop\Prove d' Esame T-1\20110713\Libreria Esame C\Debug\cl.command.1.tlog
C:\Users\Francesco\Desktop\Prove d' Esame T-1\20110713\Libreria Esame C\Debug\CL.read.1.tlog
C:\Users\Francesco\Desktop\Prove d' Esame T-1\20110713\Libreria Esame C\Debug\CL.write.1.tlog
C:\USERS\FRANCESCO\DESKTOP\PROVE D' ESAME T-1\20110713\LIBRERIA ESAME C\DEBUG\ELEMENT.OBJ
C:\Users\Francesco\Desktop\Prove d' Esame T-1\20110713\Libreria Esame C\Debug\link.5440.read.1.tlog
C:\Users\Francesco\Desktop\Prove d' Esame T-1\20110713\Libreria Esame C\Debug\link.5440.write.1.tlog
C:\Users\Francesco\Desktop\Prove d' Esame T-1\20110713\Libreria Esame C\Debug\link.5440-cvtres.read.1.tlog
C:\Users\Francesco\Desktop\Prove d' Esame T-1\20110713\Libreria Esame C\Debug\link.5440-cvtres.write.1.tlog
C:\Users\Francesco\Desktop\Prove d' Esame T-1\20110713\Libreria Esame C\Debug\link.command.1.tlog
C:\Users\Francesco\Desktop\Prove d' Esame T-1\20110713\Libreria Esame C\Debug\link.read.1.tlog
C:\Users\Francesco\Desktop\Prove d' Esame T-1\20110713\Libreria Esame C\Debug\link.write.1.tlog
C:\Users\Francesco\Desktop\Prove d' Esame T-1\20110713\Libreria Esame C\Debug\link-cvtres.read.1.tlog
C:\Users\Francesco\Desktop\Prove d' Esame T-1\20110713\Libreria Esame C\Debug\link-cvtres.write.1.tlog
C:\USERS\FRANCESCO\DESKTOP\PROVE D' ESAME T-1\20110713\LIBRERIA ESAME C\DEBUG\LIST.OBJ
C:\USERS\FRANCESCO\DESKTOP\PROVE D' ESAME T-1\20110713\LIBRERIA ESAME C\DEBUG\MAIN.OBJ
C:\Users\Francesco\Desktop\Prove d' Esame T-1\20110713\Libreria Esame C\Debug\mt.command.1.tlog
C:\Users\Francesco\Desktop\Prove d' Esame T-1\20110713\Libreria Esame C\Debug\mt.read.1.tlog
C:\Users\Francesco\Desktop\Prove d' Esame T-1\20110713\Libreria Esame C\Debug\mt.write.1.tlog
C:\Users\Francesco\Desktop\Prove d' Esame T-1\20110713\Libreria Esame C\Debug\rc.command.1.tlog
C:\Users\Francesco\Desktop\Prove d' Esame T-1\20110713\Libreria Esame C\Debug\rc.read.1.tlog
C:\Users\Francesco\Desktop\Prove d' Esame T-1\20110713\Libreria Esame C\Debug\rc.write.1.tlog
C:\USERS\FRANCESCO\DESKTOP\PROVE D' ESAME T-1\20110713\LIBRERIA ESAME C\DEBUG\UTILITY.OBJ
C:\Users\Francesco\Desktop\Prove d' Esame T-1\20110713\Libreria Esame C\Debug\vc100.idb
C:\USERS\FRANCESCO\DESKTOP\PROVE D' ESAME T-1\20110713\LIBRERIA ESAME C\DEBUG\VC100.PDB
