C:\USERS\S0900050944\DESKTOP\LIBRERIA ESAME C\DEBUG\LIBRERIA ESAME C.EXE
C:\USERS\S0900050944\DESKTOP\LIBRERIA ESAME C\DEBUG\LIBRERIA ESAME C.ILK
C:\USERS\S0900050944\DESKTOP\LIBRERIA ESAME C\DEBUG\LIBRERIA ESAME C.PDB
C:\Users\s0900050944\Desktop\Libreria Esame C\Libreria Esame C\Debug\cl.command.1.tlog
C:\Users\s0900050944\Desktop\Libreria Esame C\Libreria Esame C\Debug\CL.read.1.tlog
C:\Users\s0900050944\Desktop\Libreria Esame C\Libreria Esame C\Debug\CL.write.1.tlog
C:\USERS\S0900050944\DESKTOP\LIBRERIA ESAME C\LIBRERIA ESAME C\DEBUG\ELEMENT.OBJ
C:\USERS\S0900050944\DESKTOP\LIBRERIA ESAME C\LIBRERIA ESAME C\DEBUG\LIBRERIA ESAME C.EXE.EMBED.MANIFEST
C:\USERS\S0900050944\DESKTOP\LIBRERIA ESAME C\LIBRERIA ESAME C\DEBUG\LIBRERIA ESAME C.EXE.EMBED.MANIFEST.RES
C:\USERS\S0900050944\DESKTOP\LIBRERIA ESAME C\LIBRERIA ESAME C\DEBUG\LIBRERIA ESAME C.EXE.INTERMEDIATE.MANIFEST
C:\Users\s0900050944\Desktop\Libreria Esame C\Libreria Esame C\Debug\Libreria Esame C_manifest.rc
C:\Users\s0900050944\Desktop\Libreria Esame C\Libreria Esame C\Debug\link.4512.read.1.tlog
C:\Users\s0900050944\Desktop\Libreria Esame C\Libreria Esame C\Debug\link.4512.write.1.tlog
C:\Users\s0900050944\Desktop\Libreria Esame C\Libreria Esame C\Debug\link.4512-cvtres.read.1.tlog
C:\Users\s0900050944\Desktop\Libreria Esame C\Libreria Esame C\Debug\link.4512-cvtres.write.1.tlog
C:\Users\s0900050944\Desktop\Libreria Esame C\Libreria Esame C\Debug\link.command.1.tlog
C:\Users\s0900050944\Desktop\Libreria Esame C\Libreria Esame C\Debug\link.read.1.tlog
C:\Users\s0900050944\Desktop\Libreria Esame C\Libreria Esame C\Debug\link.write.1.tlog
C:\Users\s0900050944\Desktop\Libreria Esame C\Libreria Esame C\Debug\link-cvtres.read.1.tlog
C:\Users\s0900050944\Desktop\Libreria Esame C\Libreria Esame C\Debug\link-cvtres.write.1.tlog
C:\USERS\S0900050944\DESKTOP\LIBRERIA ESAME C\LIBRERIA ESAME C\DEBUG\LIST.OBJ
C:\USERS\S0900050944\DESKTOP\LIBRERIA ESAME C\LIBRERIA ESAME C\DEBUG\MAIN.OBJ
C:\Users\s0900050944\Desktop\Libreria Esame C\Libreria Esame C\Debug\mt.command.1.tlog
C:\Users\s0900050944\Desktop\Libreria Esame C\Libreria Esame C\Debug\mt.read.1.tlog
C:\Users\s0900050944\Desktop\Libreria Esame C\Libreria Esame C\Debug\mt.write.1.tlog
C:\USERS\S0900050944\DESKTOP\LIBRERIA ESAME C\LIBRERIA ESAME C\DEBUG\PRODOTTI.OBJ
C:\Users\s0900050944\Desktop\Libreria Esame C\Libreria Esame C\Debug\rc.command.1.tlog
C:\Users\s0900050944\Desktop\Libreria Esame C\Libreria Esame C\Debug\rc.read.1.tlog
C:\Users\s0900050944\Desktop\Libreria Esame C\Libreria Esame C\Debug\rc.write.1.tlog
C:\USERS\S0900050944\DESKTOP\LIBRERIA ESAME C\LIBRERIA ESAME C\DEBUG\UTILITY.OBJ
C:\Users\s0900050944\Desktop\Libreria Esame C\Libreria Esame C\Debug\vc100.idb
C:\USERS\S0900050944\DESKTOP\LIBRERIA ESAME C\LIBRERIA ESAME C\DEBUG\VC100.PDB
