C:\USERS\FRANCESCO\DESKTOP\PROVE D' ESAME T-1\20120209\DEBUG\20120209.EXE
C:\USERS\FRANCESCO\DESKTOP\PROVE D' ESAME T-1\20120209\DEBUG\20120209.ILK
C:\USERS\FRANCESCO\DESKTOP\PROVE D' ESAME T-1\20120209\DEBUG\20120209.PDB
C:\USERS\FRANCESCO\DESKTOP\PROVE D' ESAME T-1\20120209\LIBRERIA ESAME C\DEBUG\20120209.EXE.EMBED.MANIFEST
C:\USERS\FRANCESCO\DESKTOP\PROVE D' ESAME T-1\20120209\LIBRERIA ESAME C\DEBUG\20120209.EXE.EMBED.MANIFEST.RES
C:\USERS\FRANCESCO\DESKTOP\PROVE D' ESAME T-1\20120209\LIBRERIA ESAME C\DEBUG\20120209.EXE.INTERMEDIATE.MANIFEST
C:\Users\Francesco\Desktop\Prove d' Esame T-1\20120209\Libreria Esame C\Debug\20120209.write.1.tlog
C:\Users\Francesco\Desktop\Prove d' Esame T-1\20120209\Libreria Esame C\Debug\20120209_manifest.rc
C:\Users\Francesco\Desktop\Prove d' Esame T-1\20120209\Libreria Esame C\Debug\cl.command.1.tlog
C:\Users\Francesco\Desktop\Prove d' Esame T-1\20120209\Libreria Esame C\Debug\CL.read.1.tlog
C:\Users\Francesco\Desktop\Prove d' Esame T-1\20120209\Libreria Esame C\Debug\CL.write.1.tlog
C:\USERS\FRANCESCO\DESKTOP\PROVE D' ESAME T-1\20120209\LIBRERIA ESAME C\DEBUG\ELEMENT.OBJ
C:\Users\Francesco\Desktop\Prove d' Esame T-1\20120209\Libreria Esame C\Debug\link.5656.read.1.tlog
C:\Users\Francesco\Desktop\Prove d' Esame T-1\20120209\Libreria Esame C\Debug\link.5656.write.1.tlog
C:\Users\Francesco\Desktop\Prove d' Esame T-1\20120209\Libreria Esame C\Debug\link.5656-cvtres.read.1.tlog
C:\Users\Francesco\Desktop\Prove d' Esame T-1\20120209\Libreria Esame C\Debug\link.5656-cvtres.write.1.tlog
C:\Users\Francesco\Desktop\Prove d' Esame T-1\20120209\Libreria Esame C\Debug\link.command.1.tlog
C:\Users\Francesco\Desktop\Prove d' Esame T-1\20120209\Libreria Esame C\Debug\link.read.1.tlog
C:\Users\Francesco\Desktop\Prove d' Esame T-1\20120209\Libreria Esame C\Debug\link.write.1.tlog
C:\Users\Francesco\Desktop\Prove d' Esame T-1\20120209\Libreria Esame C\Debug\link-cvtres.read.1.tlog
C:\Users\Francesco\Desktop\Prove d' Esame T-1\20120209\Libreria Esame C\Debug\link-cvtres.write.1.tlog
C:\USERS\FRANCESCO\DESKTOP\PROVE D' ESAME T-1\20120209\LIBRERIA ESAME C\DEBUG\LIST.OBJ
C:\USERS\FRANCESCO\DESKTOP\PROVE D' ESAME T-1\20120209\LIBRERIA ESAME C\DEBUG\MAIN.OBJ
C:\Users\Francesco\Desktop\Prove d' Esame T-1\20120209\Libreria Esame C\Debug\mt.command.1.tlog
C:\Users\Francesco\Desktop\Prove d' Esame T-1\20120209\Libreria Esame C\Debug\mt.read.1.tlog
C:\Users\Francesco\Desktop\Prove d' Esame T-1\20120209\Libreria Esame C\Debug\mt.write.1.tlog
C:\USERS\FRANCESCO\DESKTOP\PROVE D' ESAME T-1\20120209\LIBRERIA ESAME C\DEBUG\PAZ.OBJ
C:\Users\Francesco\Desktop\Prove d' Esame T-1\20120209\Libreria Esame C\Debug\rc.command.1.tlog
C:\Users\Francesco\Desktop\Prove d' Esame T-1\20120209\Libreria Esame C\Debug\rc.read.1.tlog
C:\Users\Francesco\Desktop\Prove d' Esame T-1\20120209\Libreria Esame C\Debug\rc.write.1.tlog
C:\USERS\FRANCESCO\DESKTOP\PROVE D' ESAME T-1\20120209\LIBRERIA ESAME C\DEBUG\UTILITY.OBJ
C:\Users\Francesco\Desktop\Prove d' Esame T-1\20120209\Libreria Esame C\Debug\vc100.idb
C:\USERS\FRANCESCO\DESKTOP\PROVE D' ESAME T-1\20120209\LIBRERIA ESAME C\DEBUG\VC100.PDB
