Build started 04/09/2014 13:38:22.
     1>Project "C:\Users\Francesco\Desktop\Prove d' Esame T-1\20130131\Libreria Esame C\Libreria Esame C.vcxproj" on node 2 (rebuild target(s)).
     1>_PrepareForClean:
         Deleting file "Debug\20130131.lastbuildstate".
       InitializeBuildStatus:
         Creating "Debug\20130131.unsuccessfulbuild" because "AlwaysCreate" was specified.
       ClCompile:
         C:\Program Files (x86)\Microsoft Visual Studio 10.0\VC\bin\CL.exe /c /ZI /nologo /W3 /WX- /Od /Oy- /D WIN32 /D _DEBUG /D _CONSOLE /D _UNICODE /D UNICODE /Gm /EHsc /RTC1 /MDd /GS /fp:precise /Zc:wchar_t /Zc:forScope /Fo"Debug\\" /Fd"Debug\vc100.pdb" /Gd /TC /analyze- /errorReport:prompt element.c magazzino.c list.c main.c utility.c /wd4996 
         utility.c
         main.c
         list.c
         magazzino.c
         element.c
         Generating Code...
       ManifestResourceCompile:
         C:\Program Files (x86)\Microsoft SDKs\Windows\v7.0A\bin\rc.exe /nologo /fo"Debug\20130131.exe.embed.manifest.res" Debug\20130131_manifest.rc 
       Link:
         C:\Program Files (x86)\Microsoft Visual Studio 10.0\VC\bin\link.exe /ERRORREPORT:PROMPT /OUT:"C:\Users\Francesco\Desktop\Prove d' Esame T-1\20130131\Debug\20130131.exe" /INCREMENTAL /NOLOGO kernel32.lib user32.lib gdi32.lib winspool.lib comdlg32.lib advapi32.lib shell32.lib ole32.lib oleaut32.lib uuid.lib odbc32.lib odbccp32.lib /MANIFEST /ManifestFile:"Debug\20130131.exe.intermediate.manifest" /MANIFESTUAC:"level='asInvoker' uiAccess='false'" /DEBUG /PDB:"C:\Users\Francesco\Desktop\Prove d' Esame T-1\20130131\Debug\20130131.pdb" /SUBSYSTEM:CONSOLE /TLBID:1 /DYNAMICBASE /NXCOMPAT /IMPLIB:"C:\Users\Francesco\Desktop\Prove d' Esame T-1\20130131\Debug\20130131.lib" /MACHINE:X86 Debug\20130131.exe.embed.manifest.res
         Debug\element.obj
         Debug\magazzino.obj
         Debug\list.obj
         Debug\main.obj
         Debug\utility.obj
       Manifest:
         Deleting file "Debug\20130131.exe.embed.manifest".
         C:\Program Files (x86)\Microsoft SDKs\Windows\v7.0A\bin\mt.exe /nologo /verbose /out:"Debug\20130131.exe.embed.manifest" /manifest Debug\20130131.exe.intermediate.manifest
         C:\Program Files (x86)\Microsoft SDKs\Windows\v7.0A\bin\rc.exe /nologo /fo"Debug\20130131.exe.embed.manifest.res" Debug\20130131_manifest.rc 
       LinkEmbedManifest:
         C:\Program Files (x86)\Microsoft Visual Studio 10.0\VC\bin\link.exe /ERRORREPORT:PROMPT /OUT:"C:\Users\Francesco\Desktop\Prove d' Esame T-1\20130131\Debug\20130131.exe" /INCREMENTAL /NOLOGO kernel32.lib user32.lib gdi32.lib winspool.lib comdlg32.lib advapi32.lib shell32.lib ole32.lib oleaut32.lib uuid.lib odbc32.lib odbccp32.lib /MANIFEST /ManifestFile:"Debug\20130131.exe.intermediate.manifest" /MANIFESTUAC:"level='asInvoker' uiAccess='false'" /DEBUG /PDB:"C:\Users\Francesco\Desktop\Prove d' Esame T-1\20130131\Debug\20130131.pdb" /SUBSYSTEM:CONSOLE /TLBID:1 /DYNAMICBASE /NXCOMPAT /IMPLIB:"C:\Users\Francesco\Desktop\Prove d' Esame T-1\20130131\Debug\20130131.lib" /MACHINE:X86 Debug\20130131.exe.embed.manifest.res
         Debug\element.obj
         Debug\magazzino.obj
         Debug\list.obj
         Debug\main.obj
         Debug\utility.obj
         Libreria Esame C.vcxproj -> C:\Users\Francesco\Desktop\Prove d' Esame T-1\20130131\Debug\20130131.exe
       FinalizeBuildStatus:
         Deleting file "Debug\20130131.unsuccessfulbuild".
         Touching "Debug\20130131.lastbuildstate".
     1>Done Building Project "C:\Users\Francesco\Desktop\Prove d' Esame T-1\20130131\Libreria Esame C\Libreria Esame C.vcxproj" (rebuild target(s)).

Build succeeded.

Time Elapsed 00:00:00.71
