C:\USERS\FRANCESCO\DESKTOP\PROVE D' ESAME T-1\20130912\DEBUG\20130912.EXE
C:\USERS\FRANCESCO\DESKTOP\PROVE D' ESAME T-1\20130912\DEBUG\20130912.ILK
C:\USERS\FRANCESCO\DESKTOP\PROVE D' ESAME T-1\20130912\DEBUG\20130912.PDB
C:\USERS\FRANCESCO\DESKTOP\PROVE D' ESAME T-1\20130912\LIBRERIA ESAME C\DEBUG\20130912.EXE.EMBED.MANIFEST
C:\USERS\FRANCESCO\DESKTOP\PROVE D' ESAME T-1\20130912\LIBRERIA ESAME C\DEBUG\20130912.EXE.EMBED.MANIFEST.RES
C:\USERS\FRANCESCO\DESKTOP\PROVE D' ESAME T-1\20130912\LIBRERIA ESAME C\DEBUG\20130912.EXE.INTERMEDIATE.MANIFEST
C:\Users\Francesco\Desktop\Prove d' Esame T-1\20130912\Libreria Esame C\Debug\20130912.write.1.tlog
C:\Users\Francesco\Desktop\Prove d' Esame T-1\20130912\Libreria Esame C\Debug\20130912_manifest.rc
C:\Users\Francesco\Desktop\Prove d' Esame T-1\20130912\Libreria Esame C\Debug\cl.command.1.tlog
C:\Users\Francesco\Desktop\Prove d' Esame T-1\20130912\Libreria Esame C\Debug\CL.read.1.tlog
C:\Users\Francesco\Desktop\Prove d' Esame T-1\20130912\Libreria Esame C\Debug\CL.write.1.tlog
C:\USERS\FRANCESCO\DESKTOP\PROVE D' ESAME T-1\20130912\LIBRERIA ESAME C\DEBUG\ELEMENT.OBJ
C:\Users\Francesco\Desktop\Prove d' Esame T-1\20130912\Libreria Esame C\Debug\link.5624.read.1.tlog
C:\Users\Francesco\Desktop\Prove d' Esame T-1\20130912\Libreria Esame C\Debug\link.5624.write.1.tlog
C:\Users\Francesco\Desktop\Prove d' Esame T-1\20130912\Libreria Esame C\Debug\link.5624-cvtres.read.1.tlog
C:\Users\Francesco\Desktop\Prove d' Esame T-1\20130912\Libreria Esame C\Debug\link.5624-cvtres.write.1.tlog
C:\Users\Francesco\Desktop\Prove d' Esame T-1\20130912\Libreria Esame C\Debug\link.command.1.tlog
C:\Users\Francesco\Desktop\Prove d' Esame T-1\20130912\Libreria Esame C\Debug\link.read.1.tlog
C:\Users\Francesco\Desktop\Prove d' Esame T-1\20130912\Libreria Esame C\Debug\link.write.1.tlog
C:\Users\Francesco\Desktop\Prove d' Esame T-1\20130912\Libreria Esame C\Debug\link-cvtres.read.1.tlog
C:\Users\Francesco\Desktop\Prove d' Esame T-1\20130912\Libreria Esame C\Debug\link-cvtres.write.1.tlog
C:\USERS\FRANCESCO\DESKTOP\PROVE D' ESAME T-1\20130912\LIBRERIA ESAME C\DEBUG\LIST.OBJ
C:\USERS\FRANCESCO\DESKTOP\PROVE D' ESAME T-1\20130912\LIBRERIA ESAME C\DEBUG\MAIN.OBJ
C:\Users\Francesco\Desktop\Prove d' Esame T-1\20130912\Libreria Esame C\Debug\mt.command.1.tlog
C:\Users\Francesco\Desktop\Prove d' Esame T-1\20130912\Libreria Esame C\Debug\mt.read.1.tlog
C:\Users\Francesco\Desktop\Prove d' Esame T-1\20130912\Libreria Esame C\Debug\mt.write.1.tlog
C:\Users\Francesco\Desktop\Prove d' Esame T-1\20130912\Libreria Esame C\Debug\rc.command.1.tlog
C:\Users\Francesco\Desktop\Prove d' Esame T-1\20130912\Libreria Esame C\Debug\rc.read.1.tlog
C:\Users\Francesco\Desktop\Prove d' Esame T-1\20130912\Libreria Esame C\Debug\rc.write.1.tlog
C:\USERS\FRANCESCO\DESKTOP\PROVE D' ESAME T-1\20130912\LIBRERIA ESAME C\DEBUG\UTILITY.OBJ
C:\Users\Francesco\Desktop\Prove d' Esame T-1\20130912\Libreria Esame C\Debug\vc100.idb
C:\USERS\FRANCESCO\DESKTOP\PROVE D' ESAME T-1\20130912\LIBRERIA ESAME C\DEBUG\VC100.PDB
C:\USERS\FRANCESCO\DESKTOP\PROVE D' ESAME T-1\20130912\LIBRERIA ESAME C\DEBUG\VOLI.OBJ
