C:\USERS\FRANCESCO\DESKTOP\PROVE D' ESAME T-1\20130613\DEBUG\20130613.EXE
C:\USERS\FRANCESCO\DESKTOP\PROVE D' ESAME T-1\20130613\DEBUG\20130613.ILK
C:\USERS\FRANCESCO\DESKTOP\PROVE D' ESAME T-1\20130613\DEBUG\20130613.PDB
C:\USERS\FRANCESCO\DESKTOP\PROVE D' ESAME T-1\20130613\LIBRERIA ESAME C\DEBUG\20130613.EXE.EMBED.MANIFEST
C:\USERS\FRANCESCO\DESKTOP\PROVE D' ESAME T-1\20130613\LIBRERIA ESAME C\DEBUG\20130613.EXE.EMBED.MANIFEST.RES
C:\USERS\FRANCESCO\DESKTOP\PROVE D' ESAME T-1\20130613\LIBRERIA ESAME C\DEBUG\20130613.EXE.INTERMEDIATE.MANIFEST
C:\Users\Francesco\Desktop\Prove d' Esame T-1\20130613\Libreria Esame C\Debug\20130613.write.1.tlog
C:\Users\Francesco\Desktop\Prove d' Esame T-1\20130613\Libreria Esame C\Debug\20130613_manifest.rc
C:\Users\Francesco\Desktop\Prove d' Esame T-1\20130613\Libreria Esame C\Debug\cl.command.1.tlog
C:\Users\Francesco\Desktop\Prove d' Esame T-1\20130613\Libreria Esame C\Debug\CL.read.1.tlog
C:\Users\Francesco\Desktop\Prove d' Esame T-1\20130613\Libreria Esame C\Debug\CL.write.1.tlog
C:\USERS\FRANCESCO\DESKTOP\PROVE D' ESAME T-1\20130613\LIBRERIA ESAME C\DEBUG\ELEMENT.OBJ
C:\Users\Francesco\Desktop\Prove d' Esame T-1\20130613\Libreria Esame C\Debug\link.7008.read.1.tlog
C:\Users\Francesco\Desktop\Prove d' Esame T-1\20130613\Libreria Esame C\Debug\link.7008.write.1.tlog
C:\Users\Francesco\Desktop\Prove d' Esame T-1\20130613\Libreria Esame C\Debug\link.7008-cvtres.read.1.tlog
C:\Users\Francesco\Desktop\Prove d' Esame T-1\20130613\Libreria Esame C\Debug\link.7008-cvtres.write.1.tlog
C:\Users\Francesco\Desktop\Prove d' Esame T-1\20130613\Libreria Esame C\Debug\link.command.1.tlog
C:\Users\Francesco\Desktop\Prove d' Esame T-1\20130613\Libreria Esame C\Debug\link.read.1.tlog
C:\Users\Francesco\Desktop\Prove d' Esame T-1\20130613\Libreria Esame C\Debug\link.write.1.tlog
C:\Users\Francesco\Desktop\Prove d' Esame T-1\20130613\Libreria Esame C\Debug\link-cvtres.read.1.tlog
C:\Users\Francesco\Desktop\Prove d' Esame T-1\20130613\Libreria Esame C\Debug\link-cvtres.write.1.tlog
C:\USERS\FRANCESCO\DESKTOP\PROVE D' ESAME T-1\20130613\LIBRERIA ESAME C\DEBUG\LIST.OBJ
C:\USERS\FRANCESCO\DESKTOP\PROVE D' ESAME T-1\20130613\LIBRERIA ESAME C\DEBUG\MAIN.OBJ
C:\Users\Francesco\Desktop\Prove d' Esame T-1\20130613\Libreria Esame C\Debug\mt.command.1.tlog
C:\Users\Francesco\Desktop\Prove d' Esame T-1\20130613\Libreria Esame C\Debug\mt.read.1.tlog
C:\Users\Francesco\Desktop\Prove d' Esame T-1\20130613\Libreria Esame C\Debug\mt.write.1.tlog
C:\USERS\FRANCESCO\DESKTOP\PROVE D' ESAME T-1\20130613\LIBRERIA ESAME C\DEBUG\PAGAMENTI.OBJ
C:\Users\Francesco\Desktop\Prove d' Esame T-1\20130613\Libreria Esame C\Debug\rc.command.1.tlog
C:\Users\Francesco\Desktop\Prove d' Esame T-1\20130613\Libreria Esame C\Debug\rc.read.1.tlog
C:\Users\Francesco\Desktop\Prove d' Esame T-1\20130613\Libreria Esame C\Debug\rc.write.1.tlog
C:\USERS\FRANCESCO\DESKTOP\PROVE D' ESAME T-1\20130613\LIBRERIA ESAME C\DEBUG\UTILITY.OBJ
C:\Users\Francesco\Desktop\Prove d' Esame T-1\20130613\Libreria Esame C\Debug\vc100.idb
C:\USERS\FRANCESCO\DESKTOP\PROVE D' ESAME T-1\20130613\LIBRERIA ESAME C\DEBUG\VC100.PDB
