Build started 02/09/2014 21:03:33.
     1>Project "C:\Users\Francesco\Desktop\Prove d' Esame T-1\20130613\Libreria Esame C\Libreria Esame C.vcxproj" on node 2 (build target(s)).
     1>InitializeBuildStatus:
         Creating "Debug\20130613.unsuccessfulbuild" because "AlwaysCreate" was specified.
       ClCompile:
         C:\Program Files (x86)\Microsoft Visual Studio 10.0\VC\bin\CL.exe /c /ZI /nologo /W3 /WX- /Od /Oy- /D WIN32 /D _DEBUG /D _CONSOLE /D _UNICODE /D UNICODE /Gm /EHsc /RTC1 /MDd /GS /fp:precise /Zc:wchar_t /Zc:forScope /Fo"Debug\\" /Fd"Debug\vc100.pdb" /Gd /TC /analyze- /errorReport:prompt pagamenti.c /wd4996 
         pagamenti.c
       ManifestResourceCompile:
         All outputs are up-to-date.
       Link:
         C:\Program Files (x86)\Microsoft Visual Studio 10.0\VC\bin\link.exe /ERRORREPORT:PROMPT /OUT:"C:\Users\Francesco\Desktop\Prove d' Esame T-1\20130613\Debug\20130613.exe" /INCREMENTAL /NOLOGO kernel32.lib user32.lib gdi32.lib winspool.lib comdlg32.lib advapi32.lib shell32.lib ole32.lib oleaut32.lib uuid.lib odbc32.lib odbccp32.lib /MANIFEST /ManifestFile:"Debug\20130613.exe.intermediate.manifest" /MANIFESTUAC:"level='asInvoker' uiAccess='false'" /DEBUG /PDB:"C:\Users\Francesco\Desktop\Prove d' Esame T-1\20130613\Debug\20130613.pdb" /SUBSYSTEM:CONSOLE /TLBID:1 /DYNAMICBASE /NXCOMPAT /IMPLIB:"C:\Users\Francesco\Desktop\Prove d' Esame T-1\20130613\Debug\20130613.lib" /MACHINE:X86 Debug\20130613.exe.embed.manifest.res
         Debug\element.obj
         Debug\pagamenti.obj
         Debug\list.obj
         Debug\main.obj
         Debug\utility.obj
       Manifest:
         C:\Program Files (x86)\Microsoft SDKs\Windows\v7.0A\bin\mt.exe /nologo /verbose /out:"Debug\20130613.exe.embed.manifest" /manifest Debug\20130613.exe.intermediate.manifest
         All outputs are up-to-date.
       LinkEmbedManifest:
         All outputs are up-to-date.
         Libreria Esame C.vcxproj -> C:\Users\Francesco\Desktop\Prove d' Esame T-1\20130613\Debug\20130613.exe
       FinalizeBuildStatus:
         Deleting file "Debug\20130613.unsuccessfulbuild".
         Touching "Debug\20130613.lastbuildstate".
     1>Done Building Project "C:\Users\Francesco\Desktop\Prove d' Esame T-1\20130613\Libreria Esame C\Libreria Esame C.vcxproj" (build target(s)).

Build succeeded.

Time Elapsed 00:00:00.37
