C:\USERS\FRANCESCO\DOCUMENTS\VISUAL STUDIO 2010\PROJECTS\LIBRERIA ESAME C\DEBUG\LIBRERIA ESAME C.EXE
C:\USERS\FRANCESCO\DOCUMENTS\VISUAL STUDIO 2010\PROJECTS\LIBRERIA ESAME C\DEBUG\LIBRERIA ESAME C.ILK
C:\USERS\FRANCESCO\DOCUMENTS\VISUAL STUDIO 2010\PROJECTS\LIBRERIA ESAME C\DEBUG\LIBRERIA ESAME C.PDB
c:\Users\francesco\documents\visual studio 2010\Projects\Libreria Esame C\Libreria Esame C\Debug\cl.command.1.tlog
c:\Users\francesco\documents\visual studio 2010\Projects\Libreria Esame C\Libreria Esame C\Debug\CL.read.1.tlog
c:\Users\francesco\documents\visual studio 2010\Projects\Libreria Esame C\Libreria Esame C\Debug\CL.write.1.tlog
C:\USERS\FRANCESCO\DOCUMENTS\VISUAL STUDIO 2010\PROJECTS\LIBRERIA ESAME C\LIBRERIA ESAME C\DEBUG\ELEMENT.OBJ
C:\USERS\FRANCESCO\DOCUMENTS\VISUAL STUDIO 2010\PROJECTS\LIBRERIA ESAME C\LIBRERIA ESAME C\DEBUG\LIBRERIA ESAME C.EXE.EMBED.MANIFEST
C:\USERS\FRANCESCO\DOCUMENTS\VISUAL STUDIO 2010\PROJECTS\LIBRERIA ESAME C\LIBRERIA ESAME C\DEBUG\LIBRERIA ESAME C.EXE.EMBED.MANIFEST.RES
C:\USERS\FRANCESCO\DOCUMENTS\VISUAL STUDIO 2010\PROJECTS\LIBRERIA ESAME C\LIBRERIA ESAME C\DEBUG\LIBRERIA ESAME C.EXE.INTERMEDIATE.MANIFEST
c:\Users\francesco\documents\visual studio 2010\Projects\Libreria Esame C\Libreria Esame C\Debug\Libreria Esame C.vcxprojResolveAssemblyReference.cache
c:\Users\francesco\documents\visual studio 2010\Projects\Libreria Esame C\Libreria Esame C\Debug\Libreria Esame C.write.1.tlog
c:\Users\francesco\documents\visual studio 2010\Projects\Libreria Esame C\Libreria Esame C\Debug\Libreria Esame C_manifest.rc
c:\Users\francesco\documents\visual studio 2010\Projects\Libreria Esame C\Libreria Esame C\Debug\link.5124.read.1.tlog
c:\Users\francesco\documents\visual studio 2010\Projects\Libreria Esame C\Libreria Esame C\Debug\link.5124.write.1.tlog
c:\Users\francesco\documents\visual studio 2010\Projects\Libreria Esame C\Libreria Esame C\Debug\link.5124-cvtres.read.1.tlog
c:\Users\francesco\documents\visual studio 2010\Projects\Libreria Esame C\Libreria Esame C\Debug\link.5124-cvtres.write.1.tlog
c:\Users\francesco\documents\visual studio 2010\Projects\Libreria Esame C\Libreria Esame C\Debug\link.command.1.tlog
c:\Users\francesco\documents\visual studio 2010\Projects\Libreria Esame C\Libreria Esame C\Debug\link.read.1.tlog
c:\Users\francesco\documents\visual studio 2010\Projects\Libreria Esame C\Libreria Esame C\Debug\link.write.1.tlog
c:\Users\francesco\documents\visual studio 2010\Projects\Libreria Esame C\Libreria Esame C\Debug\link-cvtres.read.1.tlog
c:\Users\francesco\documents\visual studio 2010\Projects\Libreria Esame C\Libreria Esame C\Debug\link-cvtres.write.1.tlog
C:\USERS\FRANCESCO\DOCUMENTS\VISUAL STUDIO 2010\PROJECTS\LIBRERIA ESAME C\LIBRERIA ESAME C\DEBUG\LIST.OBJ
C:\USERS\FRANCESCO\DOCUMENTS\VISUAL STUDIO 2010\PROJECTS\LIBRERIA ESAME C\LIBRERIA ESAME C\DEBUG\MAIN.OBJ
c:\Users\francesco\documents\visual studio 2010\Projects\Libreria Esame C\Libreria Esame C\Debug\mt.command.1.tlog
c:\Users\francesco\documents\visual studio 2010\Projects\Libreria Esame C\Libreria Esame C\Debug\mt.read.1.tlog
c:\Users\francesco\documents\visual studio 2010\Projects\Libreria Esame C\Libreria Esame C\Debug\mt.write.1.tlog
c:\Users\francesco\documents\visual studio 2010\Projects\Libreria Esame C\Libreria Esame C\Debug\rc.command.1.tlog
c:\Users\francesco\documents\visual studio 2010\Projects\Libreria Esame C\Libreria Esame C\Debug\rc.read.1.tlog
c:\Users\francesco\documents\visual studio 2010\Projects\Libreria Esame C\Libreria Esame C\Debug\rc.write.1.tlog
C:\USERS\FRANCESCO\DOCUMENTS\VISUAL STUDIO 2010\PROJECTS\LIBRERIA ESAME C\LIBRERIA ESAME C\DEBUG\UTILITY.OBJ
c:\Users\francesco\documents\visual studio 2010\Projects\Libreria Esame C\Libreria Esame C\Debug\vc100.idb
C:\USERS\FRANCESCO\DOCUMENTS\VISUAL STUDIO 2010\PROJECTS\LIBRERIA ESAME C\LIBRERIA ESAME C\DEBUG\VC100.PDB
