C:\USERS\FRANCESCO\DESKTOP\LIBRERIA ESAME C\DEBUG\LIBRERIA ESAME C.EXE
C:\USERS\FRANCESCO\DESKTOP\LIBRERIA ESAME C\DEBUG\LIBRERIA ESAME C.PDB
C:\Users\Francesco\Desktop\Libreria Esame C\Libreria Esame C\Debug\cl.command.1.tlog
C:\Users\Francesco\Desktop\Libreria Esame C\Libreria Esame C\Debug\CL.read.1.tlog
C:\Users\Francesco\Desktop\Libreria Esame C\Libreria Esame C\Debug\CL.write.1.tlog
C:\USERS\FRANCESCO\DESKTOP\LIBRERIA ESAME C\LIBRERIA ESAME C\DEBUG\ELEMENT.OBJ
C:\USERS\FRANCESCO\DESKTOP\LIBRERIA ESAME C\LIBRERIA ESAME C\DEBUG\INFO.OBJ
C:\USERS\FRANCESCO\DESKTOP\LIBRERIA ESAME C\LIBRERIA ESAME C\DEBUG\LIBRERIA ESAME C.EXE.INTERMEDIATE.MANIFEST
C:\Users\Francesco\Desktop\Libreria Esame C\Libreria Esame C\Debug\Libreria Esame C.write.1.tlog
C:\Users\Francesco\Desktop\Libreria Esame C\Libreria Esame C\Debug\link.command.1.tlog
C:\Users\Francesco\Desktop\Libreria Esame C\Libreria Esame C\Debug\link.read.1.tlog
C:\Users\Francesco\Desktop\Libreria Esame C\Libreria Esame C\Debug\link.write.1.tlog
C:\USERS\FRANCESCO\DESKTOP\LIBRERIA ESAME C\LIBRERIA ESAME C\DEBUG\LIST.OBJ
C:\USERS\FRANCESCO\DESKTOP\LIBRERIA ESAME C\LIBRERIA ESAME C\DEBUG\MAIN.OBJ
C:\Users\Francesco\Desktop\Libreria Esame C\Libreria Esame C\Debug\mt.command.1.tlog
C:\Users\Francesco\Desktop\Libreria Esame C\Libreria Esame C\Debug\mt.read.1.tlog
C:\Users\Francesco\Desktop\Libreria Esame C\Libreria Esame C\Debug\mt.write.1.tlog
C:\USERS\FRANCESCO\DESKTOP\LIBRERIA ESAME C\LIBRERIA ESAME C\DEBUG\UTILITY.OBJ
C:\Users\Francesco\Desktop\Libreria Esame C\Libreria Esame C\Debug\vc100.idb
C:\USERS\FRANCESCO\DESKTOP\LIBRERIA ESAME C\LIBRERIA ESAME C\DEBUG\VC100.PDB
